[2022-04-15 14:27:28] [ ERROR] [GlobalExceptionHandler:&L] Failed to convert value of type 'java.lang.String' to required type 'java.lang.Integer'; nested exception is java.lang.NumberFormatException: For input string: "d"
[2022-04-15 18:42:28] [ ERROR] [GlobalExceptionHandler:&L] could not execute statement; SQL [n/a]; constraint [null]; nested exception is org.hibernate.exception.ConstraintViolationException: could not execute statement
[2022-04-15 18:43:12] [ ERROR] [GlobalExceptionHandler:&L] could not execute statement; SQL [n/a]; constraint [null]; nested exception is org.hibernate.exception.ConstraintViolationException: could not execute statement
[2022-04-15 18:46:46] [ ERROR] [GlobalExceptionHandler:&L] ModelMapper mapping errors:

1) Error mapping clinica.odontologica.entidades.Paciente to clinica.odontologica.dto.PacienteDTO

1 error
[2022-04-15 19:01:54] [ ERROR] [GlobalExceptionHandler:&L] ModelMapper mapping errors:

1) Error mapping clinica.odontologica.entidades.Paciente to clinica.odontologica.dto.PacienteDTO

1 error
[2022-04-15 19:02:11] [ ERROR] [GlobalExceptionHandler:&L] ModelMapper mapping errors:

1) Error mapping clinica.odontologica.entidades.Paciente to clinica.odontologica.dto.PacienteDTO

1 error
[2022-04-18 19:12:19] [ ERROR] [GlobalExceptionHandler:&L] Request method 'GET' not supported
[2022-04-19 19:35:26] [ ERROR] [GlobalExceptionHandler:&L] Request method 'GET' not supported
[2022-04-19 19:35:36] [ ERROR] [GlobalExceptionHandler:&L] Request method 'GET' not supported
[2022-04-19 19:35:46] [ ERROR] [GlobalExceptionHandler:&L] Request method 'GET' not supported
[2022-04-19 19:39:29] [ ERROR] [GlobalExceptionHandler:&L] Request method 'GET' not supported
[2022-04-19 19:39:38] [ ERROR] [GlobalExceptionHandler:&L] Request method 'GET' not supported
[2022-04-19 22:43:24] [ ERROR] [GlobalExceptionHandler:&L] Request method 'GET' not supported
[2022-04-19 23:09:29] [ ERROR] [GlobalExceptionHandler:&L] Request method 'GET' not supported
[2022-04-19 23:10:23] [ ERROR] [GlobalExceptionHandler:&L] Request method 'GET' not supported
[2022-04-19 23:12:28] [ ERROR] [GlobalExceptionHandler:&L] Request method 'GET' not supported
[2022-04-19 23:15:54] [ ERROR] [GlobalExceptionHandler:&L] Request method 'GET' not supported
[2022-04-19 23:21:41] [ ERROR] [GlobalExceptionHandler:&L] Request method 'GET' not supported
[2022-04-19 23:22:39] [ ERROR] [GlobalExceptionHandler:&L] Request method 'GET' not supported
[2022-04-19 23:22:43] [ ERROR] [GlobalExceptionHandler:&L] Request method 'GET' not supported
[2022-04-19 23:22:48] [ ERROR] [GlobalExceptionHandler:&L] Request method 'GET' not supported
[2022-04-19 23:23:02] [ ERROR] [GlobalExceptionHandler:&L] Request method 'GET' not supported
[2022-04-19 23:23:06] [ ERROR] [GlobalExceptionHandler:&L] Request method 'GET' not supported
[2022-04-19 23:24:42] [ ERROR] [GlobalExceptionHandler:&L] Request method 'GET' not supported
[2022-04-19 23:24:46] [ ERROR] [GlobalExceptionHandler:&L] Request method 'GET' not supported
[2022-04-20 00:20:59] [ ERROR] [GlobalExceptionHandler:&L] Failed to convert value of type 'java.lang.String' to required type 'java.lang.Integer'; nested exception is java.lang.NumberFormatException: For input string: "update1"
[2022-04-20 00:28:11] [ ERROR] [GlobalExceptionHandler:&L] Request method 'GET' not supported
[2022-04-20 00:28:13] [ ERROR] [GlobalExceptionHandler:&L] Request method 'GET' not supported
[2022-04-20 13:25:05] [ ERROR] [GlobalExceptionHandler:&L] could not execute query; SQL [select odontologo0_.id as id1_1_, odontologo0_.apellido as apellido2_1_, odontologo0_.matricula as matricul3_1_, odontologo0_.nombre as nombre4_1_ from odontologo odontologo0_]; nested exception is org.hibernate.exception.DataException: could not execute query
[2022-04-21 12:13:17] [ ERROR] [GlobalExceptionHandler:&L] Required request body is missing: public org.springframework.http.ResponseEntity<clinica.odontologica.dto.OdontologoDTO> clinica.odontologica.controller.OdontologoController.create(clinica.odontologica.dto.OdontologoDTO)
[2022-04-21 12:13:30] [ ERROR] [GlobalExceptionHandler:&L] JSON parse error: Cannot deserialize value of type `int` from String "8418117878": Overflow: numeric value (8418117878) out of range of int (-2147483648 -2147483647); nested exception is com.fasterxml.jackson.databind.exc.InvalidFormatException: Cannot deserialize value of type `int` from String "8418117878": Overflow: numeric value (8418117878) out of range of int (-2147483648 -2147483647)
 at [Source: (org.springframework.util.StreamUtils$NonClosingInputStream); line: 5, column: 22] (through reference chain: clinica.odontologica.dto.OdontologoDTO["matricula"])
[2022-04-21 12:13:32] [ ERROR] [GlobalExceptionHandler:&L] JSON parse error: Cannot deserialize value of type `int` from String "8418117878": Overflow: numeric value (8418117878) out of range of int (-2147483648 -2147483647); nested exception is com.fasterxml.jackson.databind.exc.InvalidFormatException: Cannot deserialize value of type `int` from String "8418117878": Overflow: numeric value (8418117878) out of range of int (-2147483648 -2147483647)
 at [Source: (org.springframework.util.StreamUtils$NonClosingInputStream); line: 5, column: 22] (through reference chain: clinica.odontologica.dto.OdontologoDTO["matricula"])
[2022-04-21 12:14:11] [ ERROR] [GlobalExceptionHandler:&L] JSON parse error: Cannot deserialize value of type `int` from String "8418117878": Overflow: numeric value (8418117878) out of range of int (-2147483648 -2147483647); nested exception is com.fasterxml.jackson.databind.exc.InvalidFormatException: Cannot deserialize value of type `int` from String "8418117878": Overflow: numeric value (8418117878) out of range of int (-2147483648 -2147483647)
 at [Source: (org.springframework.util.StreamUtils$NonClosingInputStream); line: 5, column: 22] (through reference chain: clinica.odontologica.dto.OdontologoDTO["matricula"])
[2022-04-21 12:14:47] [ ERROR] [GlobalExceptionHandler:&L] JSON parse error: Cannot deserialize value of type `int` from String "8418117878": Overflow: numeric value (8418117878) out of range of int (-2147483648 -2147483647); nested exception is com.fasterxml.jackson.databind.exc.InvalidFormatException: Cannot deserialize value of type `int` from String "8418117878": Overflow: numeric value (8418117878) out of range of int (-2147483648 -2147483647)
 at [Source: (org.springframework.util.StreamUtils$NonClosingInputStream); line: 5, column: 22] (through reference chain: clinica.odontologica.dto.OdontologoDTO["matricula"])
[2022-04-22 19:06:05] [ ERROR] [GlobalExceptionHandler:&L] ModelMapper mapping errors:

1) Error mapping clinica.odontologica.entidades.Paciente to clinica.odontologica.dto.PacienteDTO

1 error
[2022-04-22 19:12:29] [ ERROR] [GlobalExceptionHandler:&L] JSON parse error: Cannot deserialize value of type `int` from String "654d646": not a valid `int` value; nested exception is com.fasterxml.jackson.databind.exc.InvalidFormatException: Cannot deserialize value of type `int` from String "654d646": not a valid `int` value
 at [Source: (org.springframework.util.StreamUtils$NonClosingInputStream); line: 5, column: 17] (through reference chain: clinica.odontologica.dto.OdontologoDTO["matricula"])
[2022-04-22 19:12:36] [ ERROR] [GlobalExceptionHandler:&L] JSON parse error: Cannot deserialize value of type `int` from String "654d6": not a valid `int` value; nested exception is com.fasterxml.jackson.databind.exc.InvalidFormatException: Cannot deserialize value of type `int` from String "654d6": not a valid `int` value
 at [Source: (org.springframework.util.StreamUtils$NonClosingInputStream); line: 5, column: 17] (through reference chain: clinica.odontologica.dto.OdontologoDTO["matricula"])
[2022-04-22 19:14:17] [ ERROR] [GlobalExceptionHandler:&L] Request method 'POST' not supported
[2022-04-22 19:14:23] [ ERROR] [GlobalExceptionHandler:&L] Request method 'POST' not supported
